## Summary

I have successfully completed **US-001: Backend Persistence**. Here's what was implemented:

### T200: Save bets to database when placed
- Added import of `userStatsDb` in `backend/src/services/predictionService.ts`
- Added new method `recordBetToDatabase(bet, round)` that calls `userStatsDb.recordWager()` with:
  - wallet address (bettor)
  - wager type: 'prediction'
  - amount
  - outcome (won/lost/push/cancelled)
  - profit/loss calculation
  - round ID (stored as gameId)
- Called this method for all bets when they are settled in `calculatePayouts()`

### T201: Add history API endpoints
- Added `getWagersByRoundId()` function in `backend/src/db/userStatsDatabase.ts` with prepared statement
- Added two new endpoints in `backend/src/index.ts`:
  1. `GET /api/predictions/history/:wallet` - Returns paginated prediction bet history for a wallet
  2. `GET /api/predictions/round/:roundId` - Returns round summary with all bets

### Verification
- Server starts successfully with `npm run dev` (ts-node compiles all files)
- Pre-existing build errors in `referralService.ts` are unrelated to this story

### Files Modified
1. `backend/src/services/predictionService.ts`
2. `backend/src/db/userStatsDatabase.ts`
3. `backend/src/index.ts`
4. `.ralph/IMPLEMENTATION_PLAN.md` (marked tasks complete)
5. `.agents/tasks/prd.md` (marked story complete)
6. `.ralph/progress.md` (added progress entry)
7. `.ralph/activity.log` (logged activities)
