# Activity Log

## Run Summary
- 2026-01-12 22:19:05 | run=20260112-220941-94248 | iter=1 | mode=build | story=US-003 | duration=564s | status=success
- 2026-01-12 22:04:31 | run=20260112-220038-85844 | iter=1 | mode=build | story=US-001 | duration=233s | status=success

## Events

[2026-01-12 22:00:38] ITERATION 1 start (mode=build story=US-001)
[2026-01-12 22:00:53] Starting work on US-001: Backend Persistence
[2026-01-12 22:03:19] US-001: Implemented database persistence for prediction bets and added history API endpoints
[2026-01-12 22:03:50] US-001: Backend Persistence - COMPLETED
[2026-01-12 22:04:21] Run 20260112-220038-85844 iteration 1 complete - US-001: Backend Persistence implemented successfully
[2026-01-12 22:04:31] ITERATION 1 end (duration=233s)
[2026-01-12 22:05:46] ITERATION 1 start (mode=build story=US-002)
[2026-01-12 22:05:46] ITERATION 1 start (mode=build story=US-002)
[2026-01-12 22:05:46] ITERATION 1 start (mode=build story=US-002)
[2026-01-12 22:05:46] ITERATION 1 start (mode=build story=US-002)
[2026-01-12 22:09:41] ITERATION 1 start (mode=build story=US-003)
[2026-01-12 22:15:00] Starting US-003: Frontend Types and Client
[2026-01-12 22:17:12] Completed code changes for US-003: Updated RoundStatus type, removed dead code
[2026-01-12 22:17:40] Updated implementation plan and PRD for US-003
[2026-01-12 22:18:44] US-003 completed. Commit: 6653a8f
[2026-01-12 22:19:05] ITERATION 1 end (duration=564s)
[2026-01-12 22:19:07] ITERATION 2 start (mode=build story=US-004)
[2026-01-12 22:23:26] Starting work on US-004: Frontend UI Integration
[2026-01-12 22:23:26] Starting work on US-008: Sound and Haptic Feedback
[2026-01-12 22:23:26] Starting work on US-009: Integration Testing
[2026-01-12 22:24:36] US-004: Frontend UI Integration - COMPLETED
[2026-01-12 22:24:41] Starting work on US-005: Leaderboard Enhancements
[2026-01-12 22:25:16] US-008: Sound and Haptic Feedback - COMPLETED
[2026-01-12 22:29:30] US-005: Leaderboard Enhancements - COMPLETED
[2026-01-12 22:29:35] Starting work on US-006: User Profile Page
[2026-01-12 22:34:15] US-006: User Profile Page - COMPLETED
[2026-01-12 22:34:20] Starting work on US-007: Mobile Responsiveness
[2026-01-12 22:35:15] US-009: Integration Testing - COMPLETED
[2026-01-12 22:38:27] US-007: Mobile Responsiveness - COMPLETED
[2026-01-12 23:12:56] Starting work on US-101: Database Schema & Types
[2026-01-12 23:12:56] Starting work on US-102: FreeBetEscrowService
[2026-01-12 23:12:56] Starting work on US-104: Backend API Endpoints
[2026-01-12 23:12:56] Starting work on US-105: Frontend Free Bets
[2026-01-12 23:15:51] US-105: Frontend Free Bets - COMPLETED
[2026-01-12 23:15:56] Starting work on US-106: Frontend Rebates
[2026-01-12 23:16:29] US-101: Database Schema & Types - COMPLETED
[2026-01-12 23:18:22] US-102: FreeBetEscrowService - COMPLETED
[2026-01-12 23:18:27] Starting work on US-103: RakeRebateService
[2026-01-12 23:18:30] US-104: Backend API Endpoints - COMPLETED
[2026-01-12 23:19:22] US-106: Frontend Rebates - COMPLETED
[2026-01-12 23:19:58] US-103: RakeRebateService - COMPLETED
