The build passes successfully. The mobile layout improvements I made include:

**Summary of Mobile Layout Changes (375px, 768px breakpoints):**

1. **Container**: Added horizontal padding (`px-4 sm:px-6`) for proper mobile margins

2. **Header**: Reduced text sizes on mobile (`text-2xl sm:text-3xl`), smaller margins

3. **Tabs**: Smaller padding and font sizes on mobile for better touch targets

4. **XP Sources Grid**: Single column on mobile (`grid-cols-1 md:grid-cols-2`), smaller internal spacing

5. **Level Tiers Grid**: 2 columns on mobile that expands (`grid-cols-2 sm:grid-cols-4 lg:grid-cols-7`)

6. **Quick Stats**: 3-column grid with smaller text/padding on mobile

7. **Streak Bonuses Section**: 
   - Smaller icons and text on mobile
   - Current streak status with responsive layout
   - 3-column streak tiers on mobile (`grid-cols-3 sm:grid-cols-5`)

8. **Rewards Tab**: Smaller gaps, padding, and font sizes; reward badges wrap properly

9. **Perks Tab**: 
   - Full-width cards on mobile (`grid-cols-1 md:grid-cols-2`)
   - Smaller internal elements

10. **Free Wagers**: 4-column grid that stays compact on mobile

11. **How Perks Work**: Smaller step indicators and text

12. **Savings Example Table**: Converted to mobile-friendly card layout at small screens (`block sm:hidden` for cards, `hidden sm:block` for table)

```
---TASK_COMPLETE---
Task: T010
Status: DONE
Files modified: web/src/app/progression/page.tsx
Verification: PASS
---END_TASK---
```
