```
---TASK_COMPLETE---
Task: T020
Status: DONE
Files modified:
- web/src/components/ui/button.tsx
- web/src/components/ui/dialog.tsx
- web/src/components/ui/dropdown-menu.tsx
- web/src/components/ui/tabs.tsx
- web/src/components/ui/input.tsx
- web/src/components/ui/badge.tsx
- web/src/components/ui/Card.tsx
Verification: PASS
---END_TASK---
```

**Summary of changes:**

1. **Button** - Added `transition-all duration-200 ease-out`, `active:scale-[0.98]` for press feedback, `hover:-translate-y-0.5` lift effect, and `hover:shadow-md` for depth

2. **Dialog** - Enhanced close button with `transition-all duration-200`, `hover:scale-110`, `hover:rotate-90` for playful X rotation on hover

3. **DropdownMenu** - Added `transition-all duration-150`, `hover:bg-accent/80`, and subtle `hover:translate-x-0.5` slide effect for menu items

4. **Tabs** - Added `transition-all duration-200`, `hover:bg-background/50` for inactive tabs, `data-[state=active]:scale-[1.02]` for active tab emphasis

5. **Input** - Added `transition-all duration-200`, `hover:border-ring/50`, `hover:shadow`, enhanced `focus-visible:ring-2`

6. **Badge** - Added `transition-all duration-200`, `hover:scale-105`, `hover:shadow-md` for interactive badges

7. **Card** - Added `transition-all duration-200`, `hover:shadow-lg`, `hover:border-border/80` for card hover states
