```
---TASK_COMPLETE---
Task: T032
Status: DONE
Files modified: web/src/components/Confetti.tsx
Verification: PASS
---END_TASK---
```

**Summary:**
Created `web/src/components/Confetti.tsx` with:
1. **`Confetti` component** - A reusable full-screen confetti animation with customizable duration and piece count
2. **`LevelUpConfetti` component** - Specialized component that triggers confetti on milestone levels (every 5 levels: 5, 10, 15, 20, etc.)
3. **`useConfetti` hook** - Programmatic hook for triggering confetti from any component

Features:
- CSS-based animations using keyframes for smooth performance
- Celebration colors matching the app theme (purple, indigo, cyan, yellow, pink, green, orange)
- Uses React portal to render above all content (z-index 100)
- Automatically cleans up after animation completes
- Configurable duration (default 3000ms) and piece count (default 100)
- TypeScript strict mode compliant with proper types
