All verification checks pass.

## Summary

**Findings:**
- `.env` files exist locally (`backend/.env` and `web/.env.local`) containing API keys (CMC and Helius), but these are:
  - **NOT tracked in git** (verified)
  - **Properly excluded by .gitignore** (`*.env*` pattern on line 10)

- Source code files reference environment variables properly using `process.env.CMC_API_KEY` and `process.env.NEXT_PUBLIC_HELIUS_API_KEY` without hardcoding actual values.

- No hardcoded secrets found in any git-tracked source files.

**No modifications required** - The codebase follows proper secret management practices:
1. Secrets are stored in `.env` files (gitignored)
2. Code references secrets via environment variables
3. No exposed API keys in version control

```
---TASK_COMPLETE---
Task: T001
Status: DONE
Files modified: none (no exposed secrets found - codebase is clean)
Verification: PASS
---END_TASK---
```
