Both `.env` files are properly ignored by git.

## Summary

**Security Scan Complete**

**Findings:**
1. `backend/.env` contains a CoinMarketCap API key (`CMC_API_KEY`) - **properly gitignored**
2. `web/.env.local` contains a Helius API key (`NEXT_PUBLIC_HELIUS_API_KEY`) - **properly gitignored**

**Verification:**
- Both .env files are listed in `.gitignore`
- Neither .env file is tracked by git
- No hardcoded secrets found in source code files (*.ts, *.tsx, *.js, *.json)
- The code correctly reads API keys from environment variables (not hardcoded)
- `.telegram_config.example` contains only placeholder values

**Source Code Analysis:**
- `backend/src/services/coinMarketCapService.ts` - correctly uses `process.env.CMC_API_KEY`
- `web/src/lib/nftApi.ts` - correctly uses `process.env.NEXT_PUBLIC_HELIUS_API_KEY`

No modifications were required as all secrets are already properly handled via environment variables and gitignored files.

```
---TASK_COMPLETE---
Task: T001
Status: DONE
Files modified: none (no exposed secrets in source code)
Verification: PASS
---END_TASK---
```
