Both files are properly created. The implementation includes:

**ToastContext.tsx:**
- `ToastProvider` component with state management for toasts
- `useToast` hook that provides `showToast(type, title, description?)` and `dismissToast(id)` functions
- Support for 4 toast types: success, error, info, warning
- Auto-dismiss after 4 seconds

**Toast.tsx:**
- `ToastContainer` component that renders all active toasts
- Uses `createPortal` to render at document.body level (z-50)
- Slide-in/slide-out animations
- Different color schemes for each toast type (green for success, red for error, etc.)
- Manual dismiss button
- Matches existing project patterns (similar to XpToast.tsx)

**Usage example for consumers:**
```tsx
// Wrap app with ToastProvider
<ToastProvider>
  <ToastContainer />
  {children}
</ToastProvider>

// In components:
const { showToast } = useToast();
showToast('success', 'Position opened', 'Your trade was executed');
showToast('error', 'Transaction failed', 'Insufficient funds');
```

```
---TASK_COMPLETE---
Task: T021
Status: DONE
Files modified: web/src/components/Toast.tsx, web/src/contexts/ToastContext.tsx
Verification: PASS
---END_TASK---
```
