Good - `.next` is not tracked by git.

## Summary

After scanning the entire codebase, here are my findings:

**Issues Found & Fixed:**
1. `.telegram_config` - Contains a real Telegram bot token. Added to `.gitignore` to prevent accidental commit.

**Properly Handled (No Action Required):**
1. `backend/src/services/coinMarketCapService.ts` - Uses `process.env.CMC_API_KEY` (environment variable)
2. `web/src/lib/nftApi.ts` - Uses `process.env.NEXT_PUBLIC_HELIUS_API_KEY` (environment variable)
3. `backend/.env` and `web/.env.local` - Already gitignored
4. `.next/` build artifacts contain compiled API keys - Already gitignored
5. `backend/src/services/battleSimulator.ts` - Contains fake/mock wallet addresses for simulation (not real secrets)
6. Solana program IDs in JSON files - These are public on-chain addresses, not secrets
7. `@solana/web3.js` PRIVATE_KEY_BYTES references - These are byte size constants from the library

```
---TASK_COMPLETE---
Task: T001
Status: DONE
Files modified: .gitignore (added .telegram_config)
Verification: PASS
---END_TASK---
```
